# JRE version: Java(TM) SE Runtime Environment (8.0_20-b26) (build 1.8.0_20-b26)
# Java VM: Java HotSpot(TM) 64-Bit Server VM (25.20-b23 mixed mode windows-amd64 compressed oops)
Heap:
 PSYoungGen      total 170496K, used 42650K [0x00000000d6f80000, 0x00000000e2380000, 0x0000000100000000)
  eden space 160768K, 26% used [0x00000000d6f80000,0x00000000d9926990,0x00000000e0c80000)
  from space 9728K, 0% used [0x00000000e1a00000,0x00000000e1a00000,0x00000000e2380000)
  to   space 11776K, 0% used [0x00000000e0c80000,0x00000000e0c80000,0x00000000e1800000)
 ParOldGen       total 47104K, used 14715K [0x0000000084e00000, 0x0000000087c00000, 0x00000000d6f80000)
  object space 47104K, 31% used [0x0000000084e00000,0x0000000085c5ed18,0x0000000087c00000)
 Metaspace       used 33561K, capacity 35246K, committed 35328K, reserved 1079296K
  class space    used 4714K, capacity 5077K, committed 5120K, reserved 1048576K
GC Heap History (10 events):
Event: 12.384 GC heap before
{Heap before GC invocations=8 (full 1):
 PSYoungGen      total 62976K, used 57856K [0x00000000d6f80000, 0x00000000e0080000, 0x0000000100000000)
  eden space 57856K, 100% used [0x00000000d6f80000,0x00000000da800000,0x00000000da800000)
  from space 5120K, 0% used [0x00000000db280000,0x00000000db280000,0x00000000db780000)
  to   space 10752K, 0% used [0x00000000da800000,0x00000000da800000,0x00000000db280000)
 ParOldGen       total 47104K, used 6954K [0x0000000084e00000, 0x0000000087c00000, 0x00000000d6f80000)
  object space 47104K, 14% used [0x0000000084e00000,0x00000000854ca860,0x0000000087c00000)
 Metaspace       used 22957K, capacity 23842K, committed 24192K, reserved 1071104K
  class space    used 3155K, capacity 3330K, committed 3456K, reserved 1048576K
Event: 12.393 GC heap after
Heap after GC invocations=8 (full 1):
 PSYoungGen      total 68608K, used 3680K [0x00000000d6f80000, 0x00000000df080000, 0x0000000100000000)
  eden space 57856K, 0% used [0x00000000d6f80000,0x00000000d6f80000,0x00000000da800000)
  from space 10752K, 34% used [0x00000000da800000,0x00000000dab980e0,0x00000000db280000)
  to   space 11264K, 0% used [0x00000000de580000,0x00000000de580000,0x00000000df080000)
 ParOldGen       total 47104K, used 6954K [0x0000000084e00000, 0x0000000087c00000, 0x00000000d6f80000)
  object space 47104K, 14% used [0x0000000084e00000,0x00000000854ca860,0x0000000087c00000)
 Metaspace       used 22957K, capacity 23842K, committed 24192K, reserved 1071104K
  class space    used 3155K, capacity 3330K, committed 3456K, reserved 1048576K
}
Event: 13.034 GC heap before
{Heap before GC invocations=9 (full 1):
 PSYoungGen      total 68608K, used 61536K [0x00000000d6f80000, 0x00000000df080000, 0x0000000100000000)
  eden space 57856K, 100% used [0x00000000d6f80000,0x00000000da800000,0x00000000da800000)
  from space 10752K, 34% used [0x00000000da800000,0x00000000dab980e0,0x00000000db280000)
  to   space 11264K, 0% used [0x00000000de580000,0x00000000de580000,0x00000000df080000)
 ParOldGen       total 47104K, used 6954K [0x0000000084e00000, 0x0000000087c00000, 0x00000000d6f80000)
  object space 47104K, 14% used [0x0000000084e00000,0x00000000854ca860,0x0000000087c00000)
 Metaspace       used 23919K, capacity 24888K, committed 25088K, reserved 1071104K
  class space    used 3301K, capacity 3495K, committed 3584K, reserved 1048576K
Event: 13.041 GC heap after
Heap after GC invocations=9 (full 1):
 PSYoungGen      total 116736K, used 4641K [0x00000000d6f80000, 0x00000000dee00000, 0x0000000100000000)
  eden space 108032K, 0% used [0x00000000d6f80000,0x00000000d6f80000,0x00000000dd900000)
  from space 8704K, 53% used [0x00000000de580000,0x00000000dea08458,0x00000000dee00000)
  to   space 10752K, 0% used [0x00000000dd900000,0x00000000dd900000,0x00000000de380000)
 ParOldGen       total 47104K, used 6962K [0x0000000084e00000, 0x0000000087c00000, 0x00000000d6f80000)
  object space 47104K, 14% used [0x0000000084e00000,0x00000000854cc860,0x0000000087c00000)
 Metaspace       used 23919K, capacity 24888K, committed 25088K, reserved 1071104K
  class space    used 3301K, capacity 3495K, committed 3584K, reserved 1048576K
}
Event: 16.292 GC heap before
{Heap before GC invocations=10 (full 1):
 PSYoungGen      total 116736K, used 112673K [0x00000000d6f80000, 0x00000000dee00000, 0x0000000100000000)
  eden space 108032K, 100% used [0x00000000d6f80000,0x00000000dd900000,0x00000000dd900000)
  from space 8704K, 53% used [0x00000000de580000,0x00000000dea08458,0x00000000dee00000)
  to   space 10752K, 0% used [0x00000000dd900000,0x00000000dd900000,0x00000000de380000)
 ParOldGen       total 47104K, used 6962K [0x0000000084e00000, 0x0000000087c00000, 0x00000000d6f80000)
  object space 47104K, 14% used [0x0000000084e00000,0x00000000854cc860,0x0000000087c00000)
 Metaspace       used 28522K, capacity 29896K, committed 30208K, reserved 1075200K
  class space    used 3974K, capacity 4234K, committed 4352K, reserved 1048576K
Event: 16.320 GC heap after
Heap after GC invocations=10 (full 1):
 PSYoungGen      total 118784K, used 10146K [0x00000000d6f80000, 0x00000000e2580000, 0x0000000100000000)
  eden space 108032K, 0% used [0x00000000d6f80000,0x00000000d6f80000,0x00000000dd900000)
  from space 10752K, 94% used [0x00000000dd900000,0x00000000de2e8950,0x00000000de380000)
  to   space 11776K, 0% used [0x00000000e1a00000,0x00000000e1a00000,0x00000000e2580000)
 ParOldGen       total 47104K, used 6970K [0x0000000084e00000, 0x0000000087c00000, 0x00000000d6f80000)
  object space 47104K, 14% used [0x0000000084e00000,0x00000000854ce860,0x0000000087c00000)
 Metaspace       used 28522K, capacity 29896K, committed 30208K, reserved 1075200K
  class space    used 3974K, capacity 4234K, committed 4352K, reserved 1048576K
}
Event: 18.069 GC heap before
{Heap before GC invocations=11 (full 1):
 PSYoungGen      total 118784K, used 63537K [0x00000000d6f80000, 0x00000000e2580000, 0x0000000100000000)
  eden space 108032K, 49% used [0x00000000d6f80000,0x00000000da3a3d10,0x00000000dd900000)
  from space 10752K, 94% used [0x00000000dd900000,0x00000000de2e8950,0x00000000de380000)
  to   space 11776K, 0% used [0x00000000e1a00000,0x00000000e1a00000,0x00000000e2580000)
 ParOldGen       total 47104K, used 6970K [0x0000000084e00000, 0x0000000087c00000, 0x00000000d6f80000)
  object space 47104K, 14% used [0x0000000084e00000,0x00000000854ce860,0x0000000087c00000)
 Metaspace       used 31909K, capacity 33418K, committed 33536K, reserved 1081344K
  class space    used 4463K, capacity 4750K, committed 4864K, reserved 1048576K
Event: 18.084 GC heap after
Heap after GC invocations=11 (full 1):
 PSYoungGen      total 170496K, used 7237K [0x00000000d6f80000, 0x00000000e2380000, 0x0000000100000000)
  eden space 160768K, 0% used [0x00000000d6f80000,0x00000000d6f80000,0x00000000e0c80000)
  from space 9728K, 74% used [0x00000000e1a00000,0x00000000e2111580,0x00000000e2380000)
  to   space 11776K, 0% used [0x00000000e0c80000,0x00000000e0c80000,0x00000000e1800000)
 ParOldGen       total 47104K, used 9426K [0x0000000084e00000, 0x0000000087c00000, 0x00000000d6f80000)
  object space 47104K, 20% used [0x0000000084e00000,0x0000000085734880,0x0000000087c00000)
 Metaspace       used 31909K, capacity 33418K, committed 33536K, reserved 1081344K
  class space    used 4463K, capacity 4750K, committed 4864K, reserved 1048576K
}
Event: 18.084 GC heap before
{Heap before GC invocations=12 (full 2):
 PSYoungGen      total 170496K, used 7237K [0x00000000d6f80000, 0x00000000e2380000, 0x0000000100000000)
  eden space 160768K, 0% used [0x00000000d6f80000,0x00000000d6f80000,0x00000000e0c80000)
  from space 9728K, 74% used [0x00000000e1a00000,0x00000000e2111580,0x00000000e2380000)
  to   space 11776K, 0% used [0x00000000e0c80000,0x00000000e0c80000,0x00000000e1800000)
 ParOldGen       total 47104K, used 9426K [0x0000000084e00000, 0x0000000087c00000, 0x00000000d6f80000)
  object space 47104K, 20% used [0x0000000084e00000,0x0000000085734880,0x0000000087c00000)
 Metaspace       used 31909K, capacity 33418K, committed 33536K, reserved 1081344K
  class space    used 4463K, capacity 4750K, committed 4864K, reserved 1048576K
Event: 18.223 GC heap after
Heap after GC invocations=12 (full 2):
 PSYoungGen      total 170496K, used 0K [0x00000000d6f80000, 0x00000000e2380000, 0x0000000100000000)
  eden space 160768K, 0% used [0x00000000d6f80000,0x00000000d6f80000,0x00000000e0c80000)
  from space 9728K, 0% used [0x00000000e1a00000,0x00000000e1a00000,0x00000000e2380000)
  to   space 11776K, 0% used [0x00000000e0c80000,0x00000000e0c80000,0x00000000e1800000)
 ParOldGen       total 47104K, used 14715K [0x0000000084e00000, 0x0000000087c00000, 0x00000000d6f80000)
  object space 47104K, 31% used [0x0000000084e00000,0x0000000085c5ed18,0x0000000087c00000)
 Metaspace       used 31909K, capacity 33418K, committed 33536K, reserved 1079296K
  class space    used 4463K, capacity 4750K, committed 4864K, reserved 1048576K
}

